-- The C compiler identification is GNU 11.4.0
-- The CXX compiler identification is GNU 11.4.0
-- Detecting C compiler ABI info
-- Detecting C compiler ABI info - done
-- Check for working C compiler: /usr/bin/cc - skipped
-- Detecting C compile features
-- Detecting C compile features - done
-- Detecting CXX compiler ABI info
-- Detecting CXX compiler ABI info - done
-- Check for working CXX compiler: /usr/bin/c++ - skipped
-- Detecting CXX compile features
-- Detecting CXX compile features - done
-- Found ament_cmake: 1.3.10 (/opt/ros/humble/share/ament_cmake/cmake)
-- Found Python3: /usr/bin/python3 (found version "3.10.12") found components: Interpreter 
-- Found ros_gz_bridge: 0.244.15 (/opt/ros/humble/share/ros_gz_bridge/cmake)
-- Found rosidl_generator_c: 3.1.5 (/opt/ros/humble/share/rosidl_generator_c/cmake)
-- Found rosidl_adapter: 3.1.5 (/opt/ros/humble/share/rosidl_adapter/cmake)
-- Found rosidl_generator_cpp: 3.1.5 (/opt/ros/humble/share/rosidl_generator_cpp/cmake)
-- Using all available rosidl_typesupport_c: rosidl_typesupport_fastrtps_c;rosidl_typesupport_introspection_c
-- Using all available rosidl_typesupport_cpp: rosidl_typesupport_fastrtps_cpp;rosidl_typesupport_introspection_cpp
-- Found rmw_implementation_cmake: 6.1.2 (/opt/ros/humble/share/rmw_implementation_cmake/cmake)
-- Found rmw_fastrtps_cpp: 6.2.7 (/opt/ros/humble/share/rmw_fastrtps_cpp/cmake)
-- Found OpenSSL: /usr/lib/x86_64-linux-gnu/libcrypto.so (found version "3.0.2")  
-- Found FastRTPS: /opt/ros/humble/include  
-- Using RMW implementation 'rmw_fastrtps_cpp' as default
-- Looking for pthread.h
-- Looking for pthread.h - found
-- Performing Test CMAKE_HAVE_LIBC_PTHREAD
-- Performing Test CMAKE_HAVE_LIBC_PTHREAD - Success
-- Found Threads: TRUE  
-- Found Protobuf: /usr/lib/x86_64-linux-gnu/libprotobuf.so (found suitable version "3.12.4", minimum required is "3") 
-- Found Protobuf: /usr/lib/x86_64-linux-gnu/libprotobuf.so (found version "3.12.4") 
-- Found tf2: 0.25.8 (/opt/ros/humble/share/tf2/cmake)
-- Configuring done
-- Generating done
-- Build files have been written to: /home/chongzhiw/Gazebo_Repo/ROS2_omnibot/build/omnibot_ignition
[ 50%] [32mBuilding CXX object CMakeFiles/omni_drive.dir/src/omni_drive.cpp.o[0m
[01m[K/home/chongzhiw/Gazebo_Repo/ROS2_omnibot/src/omnibot_ignition/src/omni_drive.cpp:[m[K In constructor â€˜[01m[KOmniDrive::OmniDrive()[m[Kâ€™:
[01m[K/home/chongzhiw/Gazebo_Repo/ROS2_omnibot/src/omnibot_ignition/src/omni_drive.cpp:50:3:[m[K [01;31m[Kerror: [m[Kâ€˜[01m[Kpose_sub_robot1_[m[Kâ€™ was not declared in this scope
   50 |   [01;31m[Kpose_sub_robot1_[m[K = this->create_subscription<geometry_msgs::msg::PoseStamped>(
      |   [01;31m[K^~~~~~~~~~~~~~~~[m[K
[01m[K/home/chongzhiw/Gazebo_Repo/ROS2_omnibot/src/omnibot_ignition/src/omni_drive.cpp:50:68:[m[K [01;31m[Kerror: [m[Kâ€˜[01m[KPoseStamped[m[Kâ€™ is not a member of â€˜[01m[Kgeometry_msgs::msg[m[Kâ€™
   50 |   pose_sub_robot1_ = this->create_subscription<geometry_msgs::msg::[01;31m[KPoseStamped[m[K>(
      |                                                                    [01;31m[K^~~~~~~~~~~[m[K
[01m[K/home/chongzhiw/Gazebo_Repo/ROS2_omnibot/src/omnibot_ignition/src/omni_drive.cpp:51:49:[m[K [01;31m[Kerror: [m[Kâ€˜[01m[Kpose_callback[m[Kâ€™ is not a member of â€˜[01m[KOmniDrive[m[Kâ€™
   51 |     "/robot_1/pose", qos, std::bind(&OmniDrive::[01;31m[Kpose_callback[m[K, this, std::placeholders::_1, "robot_1"));
      |                                                 [01;31m[K^~~~~~~~~~~~~[m[K
[01m[K/home/chongzhiw/Gazebo_Repo/ROS2_omnibot/src/omnibot_ignition/src/omni_drive.cpp:53:3:[m[K [01;31m[Kerror: [m[Kâ€˜[01m[Kpose_sub_robot2_[m[Kâ€™ was not declared in this scope
   53 |   [01;31m[Kpose_sub_robot2_[m[K = this->create_subscription<geometry_msgs::msg::PoseStamped>(
      |   [01;31m[K^~~~~~~~~~~~~~~~[m[K
[01m[K/home/chongzhiw/Gazebo_Repo/ROS2_omnibot/src/omnibot_ignition/src/omni_drive.cpp:53:68:[m[K [01;31m[Kerror: [m[Kâ€˜[01m[KPoseStamped[m[Kâ€™ is not a member of â€˜[01m[Kgeometry_msgs::msg[m[Kâ€™
   53 |   pose_sub_robot2_ = this->create_subscription<geometry_msgs::msg::[01;31m[KPoseStamped[m[K>(
      |                                                                    [01;31m[K^~~~~~~~~~~[m[K
[01m[K/home/chongzhiw/Gazebo_Repo/ROS2_omnibot/src/omnibot_ignition/src/omni_drive.cpp:54:49:[m[K [01;31m[Kerror: [m[Kâ€˜[01m[Kpose_callback[m[Kâ€™ is not a member of â€˜[01m[KOmniDrive[m[Kâ€™
   54 |     "/robot_2/pose", qos, std::bind(&OmniDrive::[01;31m[Kpose_callback[m[K, this, std::placeholders::_1, "robot_2"));
      |                                                 [01;31m[K^~~~~~~~~~~~~[m[K
[01m[K/home/chongzhiw/Gazebo_Repo/ROS2_omnibot/src/omnibot_ignition/src/omni_drive.cpp:57:3:[m[K [01;31m[Kerror: [m[Kâ€˜[01m[Ktf_pub_[m[Kâ€™ was not declared in this scope
   57 |   [01;31m[Ktf_pub_[m[K = this->create_publisher<tf2_msgs::msg::TFMessage>("/tf", qos);
      |   [01;31m[K^~~~~~~[m[K
[01m[K/home/chongzhiw/Gazebo_Repo/ROS2_omnibot/src/omnibot_ignition/src/omni_drive.cpp:57:36:[m[K [01;31m[Kerror: [m[Kâ€˜[01m[Ktf2_msgs[m[Kâ€™ was not declared in this scope
   57 |   tf_pub_ = this->create_publisher<[01;31m[Ktf2_msgs[m[K::msg::TFMessage>("/tf", qos);
      |                                    [01;31m[K^~~~~~~~[m[K
[01m[K/home/chongzhiw/Gazebo_Repo/ROS2_omnibot/src/omnibot_ignition/src/omni_drive.cpp:57:19:[m[K [01;31m[Kerror: [m[Kparse error in template argument list
   57 |   tf_pub_ = this->[01;31m[Kcreate_publisher<tf2_msgs::msg::TFMessage>[m[K("/tf", qos);
      |                   [01;31m[K^~~~~~~~~~~~~~~~~~~~~~~~~~~~~~~~~~~~~~~~~~[m[K
[01m[K/home/chongzhiw/Gazebo_Repo/ROS2_omnibot/src/omnibot_ignition/src/omni_drive.cpp:57:61:[m[K [01;31m[Kerror: [m[Kno matching function for call to â€˜[01m[KOmniDrive::create_publisher<<expression error> >(const char [4], rclcpp::QoS&)[m[Kâ€™
   57 |   tf_pub_ = [01;31m[Kthis->create_publisher<tf2_msgs::msg::TFMessage>("/tf", qos)[m[K;
      |             [01;31m[K~~~~~~~~~~~~~~~~~~~~~~~~~~~~~~~~~~~~~~~~~~~~~~~~^~~~~~~~~~~~[m[K
In file included from [01m[K/opt/ros/humble/include/rclcpp/rclcpp/node.hpp:1321[m[K,
                 from [01m[K/opt/ros/humble/include/rclcpp/rclcpp/executors/single_threaded_executor.hpp:28[m[K,
                 from [01m[K/opt/ros/humble/include/rclcpp/rclcpp/executors.hpp:22[m[K,
                 from [01m[K/opt/ros/humble/include/rclcpp/rclcpp/rclcpp.hpp:155[m[K,
                 from [01m[K/home/chongzhiw/Gazebo_Repo/ROS2_omnibot/src/omnibot_ignition/include/omnibot_ignition/omni_drive.hpp:23[m[K,
                 from [01m[K/home/chongzhiw/Gazebo_Repo/ROS2_omnibot/src/omnibot_ignition/src/omni_drive.cpp:17[m[K:
[01m[K/opt/ros/humble/include/rclcpp/rclcpp/node_impl.hpp:73:1:[m[K [01;36m[Knote: [m[Kcandidate: â€˜[01m[Ktemplate<class MessageT, class AllocatorT, class PublisherT> std::shared_ptr<PublisherT> rclcpp::Node::create_publisher(const string&, const rclcpp::QoS&, const rclcpp::PublisherOptionsWithAllocator<AllocatorT>&)[m[Kâ€™
   73 | [01;36m[KNode[m[K::create_publisher(
      | [01;36m[K^~~~[m[K
[01m[K/opt/ros/humble/include/rclcpp/rclcpp/node_impl.hpp:73:1:[m[K [01;36m[Knote: [m[K  template argument deduction/substitution failed:
[01m[K/home/chongzhiw/Gazebo_Repo/ROS2_omnibot/src/omnibot_ignition/src/omni_drive.cpp:57:61:[m[K [01;31m[Kerror: [m[Ktemplate argument 1 is invalid
   57 |   tf_pub_ = [01;31m[Kthis->create_publisher<tf2_msgs::msg::TFMessage>("/tf", qos)[m[K;
      |             [01;31m[K~~~~~~~~~~~~~~~~~~~~~~~~~~~~~~~~~~~~~~~~~~~~~~~~^~~~~~~~~~~~[m[K
[01m[K/home/chongzhiw/Gazebo_Repo/ROS2_omnibot/src/omnibot_ignition/src/omni_drive.cpp:[m[K At global scope:
[01m[K/home/chongzhiw/Gazebo_Repo/ROS2_omnibot/src/omnibot_ignition/src/omni_drive.cpp:86:57:[m[K [01;31m[Kerror: [m[Kâ€˜[01m[KPoseStamped[m[Kâ€™ in namespace â€˜[01m[Kgeometry_msgs::msg[m[Kâ€™ does not name a type
   86 | void OmniDrive::pose_callback(const geometry_msgs::msg::[01;31m[KPoseStamped[m[K::SharedPtr msg, const std::string &robot_name)
      |                                                         [01;31m[K^~~~~~~~~~~[m[K
[01m[K/home/chongzhiw/Gazebo_Repo/ROS2_omnibot/src/omnibot_ignition/src/omni_drive.cpp:86:80:[m[K [01;31m[Kerror: [m[Kexpected unqualified-id before â€˜[01m[Kmsg[m[Kâ€™
   86 | void OmniDrive::pose_callback(const geometry_msgs::msg::PoseStamped::SharedPtr [01;31m[Kmsg[m[K, const std::string &robot_name)
      |                                                                                [01;31m[K^~~[m[K
[01m[K/home/chongzhiw/Gazebo_Repo/ROS2_omnibot/src/omnibot_ignition/src/omni_drive.cpp:86:79:[m[K [01;31m[Kerror: [m[Kexpected â€˜[01m[K)[m[Kâ€™ before â€˜[01m[Kmsg[m[Kâ€™
   86 | void OmniDrive::pose_callback[34m[K([m[Kconst geometry_msgs::msg::PoseStamped::SharedPtr[01;31m[K [m[K[32m[Kmsg[m[K, const std::string &robot_name)
      |                              [34m[K~[m[K                                                [01;31m[K^[m[K[32m[K~~~[m[K
      |                                                                               [32m[K)[m[K
[01m[K/home/chongzhiw/Gazebo_Repo/ROS2_omnibot/src/omnibot_ignition/src/omni_drive.cpp:86:80:[m[K [01;31m[Kerror: [m[Kexpected initializer before â€˜[01m[Kmsg[m[Kâ€™
   86 | void OmniDrive::pose_callback(const geometry_msgs::msg::PoseStamped::SharedPtr [01;31m[Kmsg[m[K, const std::string &robot_name)
      |                                                                                [01;31m[K^~~[m[K
gmake[2]: *** [CMakeFiles/omni_drive.dir/build.make:76: CMakeFiles/omni_drive.dir/src/omni_drive.cpp.o] Error 1
gmake[1]: *** [CMakeFiles/Makefile2:137: CMakeFiles/omni_drive.dir/all] Error 2
gmake: *** [Makefile:146: all] Error 2
